2024-07-30 00:04:03,297 INFO autoreload Watching for file changes with StatReloader
2024-07-30 00:05:52,352 INFO autoreload Watching for file changes with StatReloader
2024-07-30 00:08:00,980 INFO autoreload C:\Users\Liikurserv\PycharmProjects\Django_projects\newsportal\newsportal\settings.py changed, reloading.
2024-07-30 00:08:05,363 INFO autoreload Watching for file changes with StatReloader
2024-07-30 00:08:11,102 WARNING basehttp "GET / HTTP/1.1" 404 4672
2024-07-30 00:12:14,948 INFO autoreload C:\Users\Liikurserv\PycharmProjects\Django_projects\newsportal\newsportal\settings.py changed, reloading.
2024-07-30 00:12:16,180 INFO autoreload Watching for file changes with StatReloader
2024-07-30 00:13:12,493 INFO autoreload C:\Users\Liikurserv\PycharmProjects\Django_projects\newsportal\newsportal\settings.py changed, reloading.
2024-07-30 00:13:13,641 INFO autoreload Watching for file changes with StatReloader
2024-07-30 00:14:32,484 INFO autoreload C:\Users\Liikurserv\PycharmProjects\Django_projects\newsportal\newsportal\settings.py changed, reloading.
2024-07-30 00:15:08,278 INFO autoreload Watching for file changes with StatReloader
2024-07-30 00:15:38,974 INFO autoreload C:\Users\Liikurserv\PycharmProjects\Django_projects\newsportal\newsportal\settings.py changed, reloading.
2024-07-30 00:15:40,178 INFO autoreload Watching for file changes with StatReloader
2024-07-30 00:15:45,860 WARNING basehttp "GET / HTTP/1.1" 404 4672
2024-07-30 00:15:48,363 WARNING basehttp "GET / HTTP/1.1" 404 4672
2024-07-30 00:15:50,763 WARNING basehttp "GET / HTTP/1.1" 404 4672
2024-07-30 00:15:54,925 INFO basehttp "GET /news/ HTTP/1.1" 200 7617
2024-07-30 00:15:59,142 INFO basehttp "GET /news/55/ HTTP/1.1" 200 3145
2024-07-30 00:16:01,878 INFO basehttp "GET /news/55/edit/ HTTP/1.1" 200 3864
2024-07-30 00:16:03,330 INFO basehttp "POST /news/55/edit/ HTTP/1.1" 302 0
2024-07-30 00:16:03,336 INFO basehttp "GET /news/ HTTP/1.1" 200 7617
2024-07-30 00:16:55,607 INFO autoreload C:\Users\Liikurserv\PycharmProjects\Django_projects\newsportal\newsportal\settings.py changed, reloading.
2024-07-30 00:16:56,779 INFO autoreload Watching for file changes with StatReloader
2024-07-30 00:17:38,630 INFO autoreload C:\Users\Liikurserv\PycharmProjects\Django_projects\newsportal\newsportal\settings.py changed, reloading.
2024-07-30 00:17:39,903 INFO autoreload Watching for file changes with StatReloader
2024-07-30 00:17:54,461 INFO autoreload C:\Users\Liikurserv\PycharmProjects\Django_projects\newsportal\newsportal\settings.py changed, reloading.
2024-07-30 00:17:55,633 INFO autoreload Watching for file changes with StatReloader
2024-07-30 00:21:15,026 INFO autoreload Watching for file changes with StatReloader
2024-07-30 00:22:14,744 INFO autoreload C:\Users\Liikurserv\PycharmProjects\Django_projects\newsportal\newsportal\settings.py changed, reloading.
2024-07-30 00:22:15,963 INFO autoreload Watching for file changes with StatReloader
2024-07-30 00:29:42,512 INFO autoreload Watching for file changes with StatReloader
2024-07-30 00:30:18,886 INFO autoreload C:\Users\Liikurserv\PycharmProjects\Django_projects\newsportal\newsportal\settings.py changed, reloading.
2024-07-30 00:30:20,259 INFO autoreload Watching for file changes with StatReloader
2024-07-30 00:30:31,784 INFO autoreload Watching for file changes with StatReloader
2024-07-30 00:33:46,110 INFO autoreload C:\Users\Liikurserv\PycharmProjects\Django_projects\newsportal\newsportal\settings.py changed, reloading.
2024-07-30 00:33:47,251 INFO autoreload Watching for file changes with StatReloader
2024-07-30 00:35:53,749 INFO autoreload Watching for file changes with StatReloader
2024-07-30 00:37:31,614 INFO autoreload C:\Users\Liikurserv\PycharmProjects\Django_projects\newsportal\newsportal\settings.py changed, reloading.
2024-07-30 00:37:32,962 INFO autoreload Watching for file changes with StatReloader
2024-07-30 00:38:10,987 INFO autoreload Watching for file changes with StatReloader
2024-07-30 00:38:58,088 INFO autoreload C:\Users\Liikurserv\PycharmProjects\Django_projects\newsportal\newsportal\settings.py changed, reloading.
2024-07-30 00:38:59,244 INFO autoreload Watching for file changes with StatReloader
2024-07-30 00:39:50,826 INFO autoreload C:\Users\Liikurserv\PycharmProjects\Django_projects\newsportal\newsportal\settings.py changed, reloading.
2024-07-30 00:39:52,079 INFO autoreload Watching for file changes with StatReloader
2024-07-30 00:40:14,713 INFO autoreload C:\Users\Liikurserv\PycharmProjects\Django_projects\newsportal\newsportal\settings.py changed, reloading.
2024-07-30 00:40:15,900 autoreload Watching for file changes with StatReloader
2024-07-30 00:40:52,423 autoreload C:\Users\Liikurserv\PycharmProjects\Django_projects\newsportal\newsportal\settings.py changed, reloading.
2024-07-30 00:40:53,599 INFO Watching for file changes with StatReloader
2024-07-30 00:41:43,955 INFO C:\Users\Liikurserv\PycharmProjects\Django_projects\newsportal\newsportal\settings.py changed, reloading.
2024-07-30 00:41:45,199 INFO autoreload Watching for file changes with StatReloader
2024-07-30 00:45:08,361 INFO autoreload C:\Users\Liikurserv\PycharmProjects\Django_projects\newsportal\newsportal\settings.py changed, reloading.
2024-07-30 00:45:09,538 INFO autoreload Watching for file changes with StatReloader
2024-07-30 00:47:38,504 INFO autoreload C:\Users\Liikurserv\PycharmProjects\Django_projects\newsportal\newsportal\settings.py changed, reloading.
2024-07-30 00:47:39,514 INFO autoreload Watching for file changes with StatReloader
2024-07-30 00:48:45,537 INFO autoreload C:\Users\Liikurserv\PycharmProjects\Django_projects\newsportal\newsportal\settings.py changed, reloading.
2024-07-30 00:48:46,680 INFO autoreload Watching for file changes with StatReloader
2024-07-30 00:50:08,234 INFO autoreload C:\Users\Liikurserv\PycharmProjects\Django_projects\newsportal\newsportal\settings.py changed, reloading.
2024-07-30 00:50:09,419 INFO autoreload Watching for file changes with StatReloader
2024-07-30 00:55:48,575 INFO autoreload C:\Users\Liikurserv\PycharmProjects\Django_projects\newsportal\newsportal\settings.py changed, reloading.
2024-07-30 00:55:50,009 INFO autoreload Watching for file changes with StatReloader
2024-07-30 01:03:13,584 WARNING <console> gogogogogogohhhhhhh
2024-07-30 01:03:43,057 CRITICAL <console> crititititititi
